mode: set
github.com/wagnojunior/booking/cmd/web/main.go:25.13,27.16 2 0
github.com/wagnojunior/booking/cmd/web/main.go:31.2,41.16 4 0
github.com/wagnojunior/booking/cmd/web/main.go:27.16,29.3 1 0
github.com/wagnojunior/booking/cmd/web/main.go:44.18,63.16 10 1
github.com/wagnojunior/booking/cmd/web/main.go:69.2,81.12 6 1
github.com/wagnojunior/booking/cmd/web/main.go:63.16,66.3 2 0
github.com/wagnojunior/booking/cmd/web/middleware.go:12.45,24.2 3 1
github.com/wagnojunior/booking/cmd/web/middleware.go:28.50,30.2 1 1
github.com/wagnojunior/booking/cmd/web/routes.go:17.49,48.2 18 1
