mode: set
github.com/wagnojunior/booking/internal/render/render.go:26.40,28.2 1 1
github.com/wagnojunior/booking/internal/render/render.go:31.84,37.2 5 1
github.com/wagnojunior/booking/internal/render/render.go:40.105,43.18 2 1
github.com/wagnojunior/booking/internal/render/render.go:50.2,51.9 2 1
github.com/wagnojunior/booking/internal/render/render.go:56.2,65.16 5 1
github.com/wagnojunior/booking/internal/render/render.go:70.2,70.12 1 1
github.com/wagnojunior/booking/internal/render/render.go:43.18,46.3 1 0
github.com/wagnojunior/booking/internal/render/render.go:46.8,48.3 1 1
github.com/wagnojunior/booking/internal/render/render.go:51.9,54.3 1 1
github.com/wagnojunior/booking/internal/render/render.go:65.16,68.3 2 0
github.com/wagnojunior/booking/internal/render/render.go:75.67,82.16 3 1
github.com/wagnojunior/booking/internal/render/render.go:87.2,87.29 1 1
github.com/wagnojunior/booking/internal/render/render.go:120.2,120.21 1 1
github.com/wagnojunior/booking/internal/render/render.go:82.16,84.3 1 0
github.com/wagnojunior/booking/internal/render/render.go:87.29,95.17 3 1
github.com/wagnojunior/booking/internal/render/render.go:100.3,101.17 2 1
github.com/wagnojunior/booking/internal/render/render.go:107.3,107.23 1 1
github.com/wagnojunior/booking/internal/render/render.go:117.3,117.21 1 1
github.com/wagnojunior/booking/internal/render/render.go:95.17,97.4 1 0
github.com/wagnojunior/booking/internal/render/render.go:101.17,103.4 1 0
github.com/wagnojunior/booking/internal/render/render.go:107.23,111.18 2 1
github.com/wagnojunior/booking/internal/render/render.go:111.18,113.5 1 0
